<?xml version="1.0" encoding="UTF-8"?>
<testng-results skipped="0" failed="0" ignored="0" total="1" passed="1">
  <reporter-output>
  </reporter-output>
  <suite name="Default suite" duration-ms="19086" started-at="2018-01-11T14:43:17Z" finished-at="2018-01-11T14:43:36Z">
    <groups>
    </groups>
    <test name="Default test" duration-ms="19086" started-at="2018-01-11T14:43:17Z" finished-at="2018-01-11T14:43:36Z">
      <class name="test.test.BeckyTest">
        <test-method status="PASS" signature="setup()[pri:0, instance:test.test.BeckyTest@c038203]" name="setup" is-config="true" duration-ms="3660" started-at="2018-01-11T14:43:17Z" finished-at="2018-01-11T14:43:21Z">
          <reporter-output>
          </reporter-output>
        </test-method> <!-- setup -->
        <test-method status="PASS" signature="cookieTest()[pri:0, instance:test.test.BeckyTest@c038203]" name="cookieTest" duration-ms="11710" started-at="2018-01-11T14:43:21Z" finished-at="2018-01-11T14:43:32Z">
          <reporter-output>
          </reporter-output>
        </test-method> <!-- cookieTest -->
        <test-method status="PASS" signature="teardown()[pri:0, instance:test.test.BeckyTest@c038203]" name="teardown" is-config="true" duration-ms="3695" started-at="2018-01-11T14:43:32Z" finished-at="2018-01-11T14:43:36Z">
          <reporter-output>
          </reporter-output>
        </test-method> <!-- teardown -->
      </class> <!-- test.test.BeckyTest -->
    </test> <!-- Default test -->
  </suite> <!-- Default suite -->
</testng-results>
